<?xml version="1.0" encoding="UTF-8"?>
<coverage generated="1657538316418" clover="3.2.0">
  <project timestamp="1657538316418" name="All files">
    <metrics statements="8" coveredstatements="5" conditionals="6" coveredconditionals="1" methods="3" coveredmethods="3" elements="17" coveredelements="9" complexity="0" loc="8" ncloc="8" packages="1" files="1" classes="1"/>
    <file name="main.js" path="/Users/rostislavkozlov/Desktop/коды/dz new part/dz4/src/main.js">
      <metrics statements="8" coveredstatements="5" conditionals="6" coveredconditionals="1" methods="3" coveredmethods="3"/>
      <line num="2" count="1" type="cond" truecount="1" falsecount="1"/>
      <line num="3" count="1" type="stmt"/>
      <line num="4" count="0" type="cond" truecount="0" falsecount="4"/>
      <line num="5" count="0" type="stmt"/>
      <line num="7" count="0" type="stmt"/>
      <line num="12" count="1" type="stmt"/>
      <line num="13" count="4" type="stmt"/>
      <line num="15" count="1" type="stmt"/>
    </file>
  </project>
</coverage>
