<?xml version="1.0" encoding="UTF-8"?>
<coverage generated="1657281095043" clover="3.2.0">
  <project timestamp="1657281095043" name="All files">
    <metrics statements="5" coveredstatements="4" conditionals="6" coveredconditionals="4" methods="1" coveredmethods="1" elements="12" coveredelements="9" complexity="0" loc="5" ncloc="5" packages="1" files="1" classes="1"/>
    <file name="main.js" path="/Users/rostislavkozlov/Desktop/коды/dz new part/dz4/src/main.js">
      <metrics statements="5" coveredstatements="4" conditionals="6" coveredconditionals="4" methods="1" coveredmethods="1"/>
      <line num="2" count="4" type="cond" truecount="2" falsecount="0"/>
      <line num="3" count="3" type="stmt"/>
      <line num="4" count="1" type="cond" truecount="2" falsecount="2"/>
      <line num="5" count="0" type="stmt"/>
      <line num="7" count="1" type="stmt"/>
    </file>
  </project>
</coverage>
