{"/Users/rostislavkozlov/Desktop/коды/dz new part/dz4/src/main.js": {"path":"/Users/rostislavkozlov/Desktop/коды/dz new part/dz4/src/main.js","statementMap":{"0":{"start":{"line":2,"column":0},"end":{"line":8,"column":1}},"1":{"start":{"line":3,"column":4},"end":{"line":3,"column":20}},"2":{"start":{"line":4,"column":7},"end":{"line":8,"column":1}},"3":{"start":{"line":5,"column":4},"end":{"line":5,"column":20}},"4":{"start":{"line":7,"column":4},"end":{"line":7,"column":21}}},"fnMap":{"0":{"name":"healthIndex","decl":{"start":{"line":1,"column":24},"end":{"line":1,"column":35}},"loc":{"start":{"line":1,"column":41},"end":{"line":9,"column":1}},"line":1}},"branchMap":{"0":{"loc":{"start":{"line":2,"column":0},"end":{"line":8,"column":1}},"type":"if","locations":[{"start":{"line":2,"column":0},"end":{"line":8,"column":1}},{"start":{"line":4,"column":7},"end":{"line":8,"column":1}}],"line":2},"1":{"loc":{"start":{"line":4,"column":7},"end":{"line":8,"column":1}},"type":"if","locations":[{"start":{"line":4,"column":7},"end":{"line":8,"column":1}},{"start":{"line":6,"column":7},"end":{"line":8,"column":1}}],"line":4},"2":{"loc":{"start":{"line":4,"column":11},"end":{"line":4,"column":45}},"type":"binary-expr","locations":[{"start":{"line":4,"column":11},"end":{"line":4,"column":27}},{"start":{"line":4,"column":31},"end":{"line":4,"column":45}}],"line":4}},"s":{"0":4,"1":3,"2":1,"3":0,"4":1},"f":{"0":4},"b":{"0":[3,1],"1":[0,1],"2":[1,0]},"_coverageSchema":"1a1c01bbd47fc00a2c39e90264f33305004495a9","hash":"068906e2221ddf1a481a9953b31c4ab76f849d12"}
}
