{"/Users/rostislavkozlov/Desktop/коды/dz new part/dz4/src/main.js": {"path":"/Users/rostislavkozlov/Desktop/коды/dz new part/dz4/src/main.js","statementMap":{"0":{"start":{"line":2,"column":0},"end":{"line":8,"column":1}},"1":{"start":{"line":3,"column":4},"end":{"line":3,"column":20}},"2":{"start":{"line":4,"column":7},"end":{"line":8,"column":1}},"3":{"start":{"line":5,"column":4},"end":{"line":5,"column":20}},"4":{"start":{"line":7,"column":4},"end":{"line":7,"column":21}},"5":{"start":{"line":12,"column":18},"end":{"line":14,"column":8}},"6":{"start":{"line":13,"column":7},"end":{"line":13,"column":33}},"7":{"start":{"line":15,"column":6},"end":{"line":15,"column":30}}},"fnMap":{"0":{"name":"healthIndex","decl":{"start":{"line":1,"column":24},"end":{"line":1,"column":35}},"loc":{"start":{"line":1,"column":41},"end":{"line":9,"column":1}},"line":1},"1":{"name":"sortPers","decl":{"start":{"line":11,"column":16},"end":{"line":11,"column":24}},"loc":{"start":{"line":11,"column":31},"end":{"line":16,"column":1}},"line":11},"2":{"name":"(anonymous_2)","decl":{"start":{"line":12,"column":28},"end":{"line":12,"column":29}},"loc":{"start":{"line":12,"column":37},"end":{"line":14,"column":7}},"line":12}},"branchMap":{"0":{"loc":{"start":{"line":2,"column":0},"end":{"line":8,"column":1}},"type":"if","locations":[{"start":{"line":2,"column":0},"end":{"line":8,"column":1}},{"start":{"line":4,"column":7},"end":{"line":8,"column":1}}],"line":2},"1":{"loc":{"start":{"line":4,"column":7},"end":{"line":8,"column":1}},"type":"if","locations":[{"start":{"line":4,"column":7},"end":{"line":8,"column":1}},{"start":{"line":6,"column":7},"end":{"line":8,"column":1}}],"line":4},"2":{"loc":{"start":{"line":4,"column":11},"end":{"line":4,"column":45}},"type":"binary-expr","locations":[{"start":{"line":4,"column":11},"end":{"line":4,"column":27}},{"start":{"line":4,"column":31},"end":{"line":4,"column":45}}],"line":4}},"s":{"0":1,"1":1,"2":0,"3":0,"4":0,"5":1,"6":4,"7":1},"f":{"0":1,"1":1,"2":4},"b":{"0":[1,0],"1":[0,0],"2":[0,0]},"_coverageSchema":"1a1c01bbd47fc00a2c39e90264f33305004495a9","hash":"6163c90eaf7c7da722661c65f2ac9822fdd3a415"}
}
